{"/Users/azharuddinshaik/Azhar/personal-projects/Text-Embedding-Function/Text-Embedding-Function/src/embedding-function.ts": {"path":"/Users/azharuddinshaik/Azhar/personal-projects/Text-Embedding-Function/Text-Embedding-Function/src/embedding-function.ts","statementMap":{"0":{"start":{"line":11,"column":35},"end":{"line":11,"column":null}},"1":{"start":{"line":11,"column":42},"end":{"line":11,"column":null}},"2":{"start":{"line":13,"column":43},"end":{"line":14,"column":null}},"3":{"start":{"line":14,"column":2},"end":{"line":14,"column":null}},"4":{"start":{"line":16,"column":46},"end":{"line":17,"column":null}},"5":{"start":{"line":17,"column":2},"end":{"line":17,"column":null}},"6":{"start":{"line":19,"column":37},"end":{"line":19,"column":null}},"7":{"start":{"line":19,"column":44},"end":{"line":19,"column":null}},"8":{"start":{"line":25,"column":30},"end":{"line":29,"column":null}},"9":{"start":{"line":25,"column":64},"end":{"line":29,"column":null}},"10":{"start":{"line":25,"column":103},"end":{"line":29,"column":null}},"11":{"start":{"line":25,"column":104},"end":{"line":29,"column":null}},"12":{"start":{"line":28,"column":22},"end":{"line":28,"column":90}},"13":{"start":{"line":28,"column":55},"end":{"line":28,"column":86}},"14":{"start":{"line":36,"column":30},"end":{"line":47,"column":null}},"15":{"start":{"line":36,"column":64},"end":{"line":47,"column":null}},"16":{"start":{"line":36,"column":103},"end":{"line":47,"column":null}},"17":{"start":{"line":36,"column":104},"end":{"line":47,"column":null}},"18":{"start":{"line":41,"column":12},"end":{"line":41,"column":null}},"19":{"start":{"line":44,"column":12},"end":{"line":44,"column":null}},"20":{"start":{"line":44,"column":52},"end":{"line":44,"column":83}},"21":{"start":{"line":53,"column":28},"end":{"line":61,"column":null}},"22":{"start":{"line":53,"column":70},"end":{"line":61,"column":null}},"23":{"start":{"line":54,"column":4},"end":{"line":60,"column":null}},"24":{"start":{"line":57,"column":17},"end":{"line":57,"column":null}},"25":{"start":{"line":58,"column":17},"end":{"line":58,"column":null}},"26":{"start":{"line":74,"column":9},"end":{"line":74,"column":null}},"27":{"start":{"line":79,"column":4},"end":{"line":82,"column":null}},"28":{"start":{"line":80,"column":6},"end":{"line":80,"column":null}},"29":{"start":{"line":81,"column":6},"end":{"line":81,"column":null}},"30":{"start":{"line":87,"column":29},"end":{"line":87,"column":null}},"31":{"start":{"line":89,"column":4},"end":{"line":92,"column":null}},"32":{"start":{"line":90,"column":20},"end":{"line":90,"column":null}},"33":{"start":{"line":91,"column":6},"end":{"line":91,"column":null}},"34":{"start":{"line":95,"column":35},"end":{"line":95,"column":null}},"35":{"start":{"line":97,"column":4},"end":{"line":120,"column":null}},"36":{"start":{"line":97,"column":17},"end":{"line":97,"column":20}},"37":{"start":{"line":98,"column":20},"end":{"line":98,"column":null}},"38":{"start":{"line":100,"column":23},"end":{"line":110,"column":null}},"39":{"start":{"line":112,"column":6},"end":{"line":116,"column":null}},"40":{"start":{"line":113,"column":8},"end":{"line":115,"column":null}},"41":{"start":{"line":118,"column":19},"end":{"line":118,"column":null}},"42":{"start":{"line":119,"column":6},"end":{"line":119,"column":null}},"43":{"start":{"line":119,"column":51},"end":{"line":119,"column":62}},"44":{"start":{"line":122,"column":4},"end":{"line":122,"column":null}},"45":{"start":{"line":126,"column":4},"end":{"line":126,"column":null}},"46":{"start":{"line":133,"column":4},"end":{"line":133,"column":null}},"47":{"start":{"line":137,"column":4},"end":{"line":144,"column":null}},"48":{"start":{"line":150,"column":8},"end":{"line":158,"column":null}},"49":{"start":{"line":159,"column":4},"end":{"line":165,"column":null}},"50":{"start":{"line":162,"column":20},"end":{"line":162,"column":29}},"51":{"start":{"line":171,"column":8},"end":{"line":179,"column":null}},"52":{"start":{"line":180,"column":2},"end":{"line":186,"column":null}},"53":{"start":{"line":183,"column":17},"end":{"line":183,"column":27}},"54":{"start":{"line":184,"column":12},"end":{"line":184,"column":null}}},"fnMap":{"0":{"name":"(anonymous_0)","decl":{"start":{"line":11,"column":35},"end":{"line":11,"column":36}},"loc":{"start":{"line":11,"column":42},"end":{"line":11,"column":null}},"line":11},"1":{"name":"(anonymous_1)","decl":{"start":{"line":13,"column":43},"end":{"line":13,"column":44}},"loc":{"start":{"line":14,"column":2},"end":{"line":14,"column":null}},"line":14},"2":{"name":"(anonymous_2)","decl":{"start":{"line":16,"column":46},"end":{"line":16,"column":47}},"loc":{"start":{"line":17,"column":2},"end":{"line":17,"column":null}},"line":17},"3":{"name":"(anonymous_3)","decl":{"start":{"line":19,"column":37},"end":{"line":19,"column":38}},"loc":{"start":{"line":19,"column":44},"end":{"line":19,"column":null}},"line":19},"4":{"name":"(anonymous_4)","decl":{"start":{"line":25,"column":30},"end":{"line":25,"column":34}},"loc":{"start":{"line":25,"column":64},"end":{"line":29,"column":null}},"line":25},"5":{"name":"(anonymous_5)","decl":{"start":{"line":25,"column":64},"end":{"line":25,"column":65}},"loc":{"start":{"line":25,"column":103},"end":{"line":29,"column":null}},"line":25},"6":{"name":"(anonymous_6)","decl":{"start":{"line":25,"column":103},"end":{"line":25,"column":104}},"loc":{"start":{"line":25,"column":104},"end":{"line":29,"column":null}},"line":25},"7":{"name":"(anonymous_7)","decl":{"start":{"line":28,"column":12},"end":{"line":28,"column":13}},"loc":{"start":{"line":28,"column":22},"end":{"line":28,"column":90}},"line":28},"8":{"name":"(anonymous_8)","decl":{"start":{"line":28,"column":49},"end":{"line":28,"column":55}},"loc":{"start":{"line":28,"column":55},"end":{"line":28,"column":86}},"line":28},"9":{"name":"(anonymous_9)","decl":{"start":{"line":36,"column":30},"end":{"line":36,"column":34}},"loc":{"start":{"line":36,"column":64},"end":{"line":47,"column":null}},"line":36},"10":{"name":"(anonymous_10)","decl":{"start":{"line":36,"column":64},"end":{"line":36,"column":65}},"loc":{"start":{"line":36,"column":103},"end":{"line":47,"column":null}},"line":36},"11":{"name":"(anonymous_11)","decl":{"start":{"line":36,"column":103},"end":{"line":36,"column":104}},"loc":{"start":{"line":36,"column":104},"end":{"line":47,"column":null}},"line":36},"12":{"name":"(anonymous_12)","decl":{"start":{"line":40,"column":8},"end":{"line":40,"column":12}},"loc":{"start":{"line":40,"column":12},"end":{"line":42,"column":null}},"line":40},"13":{"name":"(anonymous_13)","decl":{"start":{"line":43,"column":8},"end":{"line":43,"column":9}},"loc":{"start":{"line":43,"column":18},"end":{"line":45,"column":null}},"line":43},"14":{"name":"(anonymous_14)","decl":{"start":{"line":44,"column":46},"end":{"line":44,"column":52}},"loc":{"start":{"line":44,"column":52},"end":{"line":44,"column":83}},"line":44},"15":{"name":"(anonymous_15)","decl":{"start":{"line":53,"column":28},"end":{"line":53,"column":32}},"loc":{"start":{"line":53,"column":70},"end":{"line":61,"column":null}},"line":53},"16":{"name":"(anonymous_16)","decl":{"start":{"line":53,"column":70},"end":{"line":53,"column":71}},"loc":{"start":{"line":53,"column":84},"end":{"line":61,"column":null}},"line":53},"17":{"name":"(anonymous_17)","decl":{"start":{"line":57,"column":12},"end":{"line":57,"column":17}},"loc":{"start":{"line":57,"column":17},"end":{"line":57,"column":null}},"line":57},"18":{"name":"(anonymous_18)","decl":{"start":{"line":58,"column":12},"end":{"line":58,"column":17}},"loc":{"start":{"line":58,"column":17},"end":{"line":58,"column":null}},"line":58},"19":{"name":"(anonymous_19)","decl":{"start":{"line":78,"column":2},"end":{"line":78,"column":14}},"loc":{"start":{"line":78,"column":46},"end":{"line":83,"column":null}},"line":78},"20":{"name":"(anonymous_20)","decl":{"start":{"line":85,"column":8},"end":{"line":85,"column":17}},"loc":{"start":{"line":85,"column":55},"end":{"line":123,"column":null}},"line":85},"21":{"name":"(anonymous_21)","decl":{"start":{"line":119,"column":39},"end":{"line":119,"column":40}},"loc":{"start":{"line":119,"column":51},"end":{"line":119,"column":62}},"line":119},"22":{"name":"(anonymous_22)","decl":{"start":{"line":125,"column":8},"end":{"line":125,"column":27}},"loc":{"start":{"line":125,"column":65},"end":{"line":127,"column":null}},"line":125},"23":{"name":"(anonymous_23)","decl":{"start":{"line":129,"column":2},"end":{"line":129,"column":null}},"loc":{"start":{"line":132,"column":23},"end":{"line":134,"column":null}},"line":132},"24":{"name":"(anonymous_24)","decl":{"start":{"line":136,"column":2},"end":{"line":136,"column":35}},"loc":{"start":{"line":136,"column":35},"end":{"line":145,"column":null}},"line":136},"25":{"name":"(anonymous_25)","decl":{"start":{"line":147,"column":2},"end":{"line":147,"column":17}},"loc":{"start":{"line":147,"column":52},"end":{"line":166,"column":null}},"line":147},"26":{"name":"(anonymous_26)","decl":{"start":{"line":162,"column":12},"end":{"line":162,"column":13}},"loc":{"start":{"line":162,"column":19},"end":{"line":162,"column":null}},"line":162},"27":{"name":"(anonymous_27)","decl":{"start":{"line":163,"column":12},"end":{"line":163,"column":16}},"loc":{"start":{"line":163,"column":16},"end":{"line":163,"column":null}},"line":163},"28":{"name":"(anonymous_28)","decl":{"start":{"line":168,"column":2},"end":{"line":168,"column":23}},"loc":{"start":{"line":168,"column":61},"end":{"line":187,"column":null}},"line":168},"29":{"name":"(anonymous_29)","decl":{"start":{"line":183,"column":6},"end":{"line":183,"column":7}},"loc":{"start":{"line":183,"column":15},"end":{"line":183,"column":null}},"line":183},"30":{"name":"(anonymous_30)","decl":{"start":{"line":184,"column":6},"end":{"line":184,"column":12}},"loc":{"start":{"line":184,"column":12},"end":{"line":184,"column":null}},"line":184}},"branchMap":{"0":{"loc":{"start":{"line":14,"column":2},"end":{"line":14,"column":null}},"type":"binary-expr","locations":[{"start":{"line":14,"column":2},"end":{"line":14,"column":27}},{"start":{"line":14,"column":27},"end":{"line":14,"column":null}}],"line":14},"1":{"loc":{"start":{"line":17,"column":2},"end":{"line":17,"column":null}},"type":"binary-expr","locations":[{"start":{"line":17,"column":2},"end":{"line":17,"column":27}},{"start":{"line":17,"column":27},"end":{"line":17,"column":null}}],"line":17},"2":{"loc":{"start":{"line":79,"column":4},"end":{"line":82,"column":null}},"type":"if","locations":[{"start":{"line":79,"column":4},"end":{"line":82,"column":null}},{"start":{},"end":{}}],"line":79},"3":{"loc":{"start":{"line":112,"column":6},"end":{"line":116,"column":null}},"type":"if","locations":[{"start":{"line":112,"column":6},"end":{"line":116,"column":null}},{"start":{},"end":{}}],"line":112}},"s":{"0":1,"1":55,"2":1,"3":16,"4":1,"5":14,"6":1,"7":15,"8":1,"9":28,"10":28,"11":28,"12":27,"13":1,"14":1,"15":84,"16":84,"17":84,"18":11,"19":73,"20":3,"21":1,"22":35,"23":35,"24":32,"25":3,"26":16,"27":16,"28":10,"29":10,"30":0,"31":0,"32":0,"33":0,"34":0,"35":0,"36":0,"37":0,"38":0,"39":0,"40":0,"41":0,"42":0,"43":0,"44":0,"45":0,"46":2,"47":1,"48":14,"49":14,"50":4,"51":7,"52":7,"53":4,"54":3},"f":{"0":55,"1":16,"2":14,"3":15,"4":28,"5":28,"6":28,"7":27,"8":1,"9":84,"10":84,"11":84,"12":11,"13":73,"14":3,"15":35,"16":35,"17":32,"18":3,"19":16,"20":0,"21":0,"22":0,"23":2,"24":1,"25":14,"26":4,"27":10,"28":7,"29":4,"30":3},"b":{"0":[16,16],"1":[14,14],"2":[10,6],"3":[0,0]},"meta":{"lastBranch":4,"lastFunction":31,"lastStatement":55,"seen":{"s:11:35:11:Infinity":0,"f:11:35:11:36":0,"s:11:42:11:Infinity":1,"s:13:43:14:Infinity":2,"f:13:43:13:44":1,"s:14:2:14:Infinity":3,"b:14:2:14:27:14:27:14:Infinity":0,"s:16:46:17:Infinity":4,"f:16:46:16:47":2,"s:17:2:17:Infinity":5,"b:17:2:17:27:17:27:17:Infinity":1,"s:19:37:19:Infinity":6,"f:19:37:19:38":3,"s:19:44:19:Infinity":7,"s:25:30:29:Infinity":8,"f:25:30:25:34":4,"s:25:64:29:Infinity":9,"f:25:64:25:65":5,"s:25:103:29:Infinity":10,"f:25:103:25:104":6,"s:25:104:29:Infinity":11,"f:28:12:28:13":7,"s:28:22:28:90":12,"f:28:49:28:55":8,"s:28:55:28:86":13,"s:36:30:47:Infinity":14,"f:36:30:36:34":9,"s:36:64:47:Infinity":15,"f:36:64:36:65":10,"s:36:103:47:Infinity":16,"f:36:103:36:104":11,"s:36:104:47:Infinity":17,"f:40:8:40:12":12,"s:41:12:41:Infinity":18,"f:43:8:43:9":13,"s:44:12:44:Infinity":19,"f:44:46:44:52":14,"s:44:52:44:83":20,"s:53:28:61:Infinity":21,"f:53:28:53:32":15,"s:53:70:61:Infinity":22,"f:53:70:53:71":16,"s:54:4:60:Infinity":23,"f:57:12:57:17":17,"s:57:17:57:Infinity":24,"f:58:12:58:17":18,"s:58:17:58:Infinity":25,"s:74:9:74:Infinity":26,"f:78:2:78:14":19,"b:79:4:82:Infinity:undefined:undefined:undefined:undefined":2,"s:79:4:82:Infinity":27,"s:80:6:80:Infinity":28,"s:81:6:81:Infinity":29,"f:85:8:85:17":20,"s:87:29:87:Infinity":30,"s:89:4:92:Infinity":31,"s:90:20:90:Infinity":32,"s:91:6:91:Infinity":33,"s:95:35:95:Infinity":34,"s:97:4:120:Infinity":35,"s:97:17:97:20":36,"s:98:20:98:Infinity":37,"s:100:23:110:Infinity":38,"b:112:6:116:Infinity:undefined:undefined:undefined:undefined":3,"s:112:6:116:Infinity":39,"s:113:8:115:Infinity":40,"s:118:19:118:Infinity":41,"s:119:6:119:Infinity":42,"f:119:39:119:40":21,"s:119:51:119:62":43,"s:122:4:122:Infinity":44,"f:125:8:125:27":22,"s:126:4:126:Infinity":45,"f:129:2:129:Infinity":23,"s:133:4:133:Infinity":46,"f:136:2:136:35":24,"s:137:4:144:Infinity":47,"f:147:2:147:17":25,"s:150:8:158:Infinity":48,"s:159:4:165:Infinity":49,"f:162:12:162:13":26,"s:162:20:162:29":50,"f:163:12:163:16":27,"f:168:2:168:23":28,"s:171:8:179:Infinity":51,"s:180:2:186:Infinity":52,"f:183:6:183:7":29,"s:183:17:183:27":53,"f:184:6:184:12":30,"s:184:12:184:Infinity":54}}}
}
